[+] Containers:
 |- [+] Container: /Game/TopDown/Maps/TopDownMap
 |   |- [+] ActorDescs:
 |   |   |- Guid:0AAF3F0A423130C8343D228126AB1387 BaseClass: NativeClass:/Script/Engine.StaticMeshActor Name:StaticMeshActor_UAID_94DE808A617E42E501_1781728599 Label:Cube SpatiallyLoaded:1 Bounds:IsValid=true, Min=(X=-50.000 Y=-50.000 Z=-39.000), Max=(X=1250.000 Y=850.000 Z=11.000) RuntimeGrid:None EditorOnly:0 RuntimeOnly:0 HLODRelevant:1
 |   |   |- Guid:1742DF43475F097453197AA79C7473D9 BaseClass: NativeClass:/Script/Engine.SkyLight Name:SkyLight_1 Label:SkyLight SpatiallyLoaded:0 Bounds:IsValid=true, Min=(X=0.000 Y=0.000 Z=690.000), Max=(X=0.000 Y=0.000 Z=690.000) RuntimeGrid:None EditorOnly:0 RuntimeOnly:0 HLODRelevant:0 FolderPath:Lighting FolderGuid:4C9334684BA61B42C769F799D2576455
 |   |   |- Guid:1FEC8FAC495CEF0CE32492ADCBB96BAE BaseClass: NativeClass:/Script/AIModule.NavLinkProxy Name:NavLinkProxy_3 Label:NavLinkProxy3 SpatiallyLoaded:1 Bounds:IsValid=true, Min=(X=2240.000 Y=1030.000 Z=90.000), Max=(X=2240.000 Y=1030.000 Z=90.000) RuntimeGrid:None EditorOnly:0 RuntimeOnly:0 HLODRelevant:0 FolderPath:Navigation FolderGuid:AE45D61F453CC144CF8289862C276E89
 |   |   |- Guid:231E3FF44B8CF12A606DD8BEB15748B1 BaseClass:/Game/Our_Content/BlueprintAndCpp/BP_OneSquare.BP_OneSquare_C NativeClass:/Script/Engine.Pawn Name:BP_OneSquare_C_UAID_94DE808A617EB6E401_2131485959 Label:BP_OneSquare SpatiallyLoaded:1 Bounds:IsValid=true, Min=(X=-50.000 Y=-50.000 Z=11.500), Max=(X=50.000 Y=50.000 Z=36.500) RuntimeGrid:None EditorOnly:0 RuntimeOnly:0 HLODRelevant:0
 |   |   |- Guid:2DF0D95440BE0EDA81652F860DC7268E BaseClass: NativeClass:/Script/Engine.WorldDataLayers Name:WorldDataLayers Label:WorldDataLayers SpatiallyLoaded:0 Bounds:IsValid=true, Min=(X=0.000 Y=0.000 Z=0.000), Max=(X=0.000 Y=0.000 Z=0.000) RuntimeGrid:None EditorOnly:0 RuntimeOnly:0 HLODRelevant:0
 |   |   |- Guid:4B4F77924201C9837EE6529BE07F503C BaseClass:/Game/Our_Content/BlueprintAndCpp/BP_Director.BP_Director_C NativeClass:/Script/Engine.Pawn Name:BP_Director_C_UAID_94DE808A617E2FE501_1176615255 Label:BP_Director SpatiallyLoaded:1 Bounds:IsValid=true, Min=(X=-130.000 Y=-380.000 Z=50.000), Max=(X=-130.000 Y=-380.000 Z=50.000) RuntimeGrid:None EditorOnly:0 RuntimeOnly:0 HLODRelevant:0
 |   |   |- Guid:6252C7D64ACF162A73EE65B11FE214D1 BaseClass: NativeClass:/Script/Engine.SkyAtmosphere Name:SkyAtmosphere_1 Label:SkyAtmosphere SpatiallyLoaded:0 Bounds:IsValid=true, Min=(X=0.000 Y=0.000 Z=1020.000), Max=(X=0.000 Y=0.000 Z=1020.000) RuntimeGrid:None EditorOnly:0 RuntimeOnly:0 HLODRelevant:0 FolderPath:Lighting FolderGuid:4C9334684BA61B42C769F799D2576455
 |   |   |- Guid:63BC7A1842B8A731E5BB18A98B885060 BaseClass: NativeClass:/Script/Engine.CameraActor Name:CameraActor_UAID_94DE808A617E4EE501_1214336712 Label:CameraActor SpatiallyLoaded:1 Bounds:IsValid=true, Min=(X=-123.000 Y=1107.000 Z=541.000), Max=(X=-123.000 Y=1107.000 Z=541.000) RuntimeGrid:None EditorOnly:0 RuntimeOnly:0 HLODRelevant:0
 |   |   |- Guid:76C2E3B640C5DB4EAABEBB8331E08A29 BaseClass: NativeClass:/Script/Engine.CameraActor Name:CameraActor_UAID_94DE808A617E8EE501_2086530978 Label:CameraActor3 SpatiallyLoaded:1 Bounds:IsValid=true, Min=(X=-123.000 Y=-3893.000 Z=541.000), Max=(X=-123.000 Y=-3893.000 Z=541.000) RuntimeGrid:None EditorOnly:0 RuntimeOnly:0 HLODRelevant:0
 |   |   |- Guid:77F893B3468595EE782136AD620D7EF4 BaseClass: NativeClass:/Script/Engine.VolumetricCloud Name:VolumetricCloud_0 Label:VolumetricCloud SpatiallyLoaded:0 Bounds:IsValid=true, Min=(X=0.000 Y=0.000 Z=820.000), Max=(X=0.000 Y=0.000 Z=820.000) RuntimeGrid:None EditorOnly:0 RuntimeOnly:0 HLODRelevant:0 FolderPath:Lighting FolderGuid:4C9334684BA61B42C769F799D2576455
 |   |   |- Guid:87C0EF0A4D6A91DB405D649D48B46B75 BaseClass: NativeClass:/Script/Engine.StaticMeshActor Name:StaticMeshActor_UAID_94DE808A617E8EE501_2077962977 Label:Cube3 SpatiallyLoaded:1 Bounds:IsValid=true, Min=(X=-50.000 Y=-5050.000 Z=-39.000), Max=(X=1250.000 Y=-4150.000 Z=11.000) RuntimeGrid:None EditorOnly:0 RuntimeOnly:0 HLODRelevant:1
 |   |   |- Guid:A9F87EAC43513D2B9F17EE92D539511F BaseClass: NativeClass:/Script/NavigationSystem.NavMeshBoundsVolume Name:NavMeshBoundsVolume_UAID_94DE808A617E46E501_1140219305 Label:NavMeshBoundsVolume2 SpatiallyLoaded:0 Bounds:IsValid=true, Min=(X=-620.000 Y=-960.000 Z=-90.000), Max=(X=1780.000 Y=1440.000 Z=110.000) RuntimeGrid:None EditorOnly:0 RuntimeOnly:0 HLODRelevant:0
 |   |   |- Guid:AECEEEE741E6DE68F6843FA49564A956 BaseClass: NativeClass:/Script/Engine.DirectionalLight Name:DirectionalLight_1 Label:DirectionalLight SpatiallyLoaded:0 Bounds:IsValid=true, Min=(X=-1048576.000 Y=-1048576.000 Z=-1048576.000), Max=(X=1048576.000 Y=1048576.000 Z=1048576.000) RuntimeGrid:None EditorOnly:0 RuntimeOnly:0 HLODRelevant:0 FolderPath:Lighting FolderGuid:4C9334684BA61B42C769F799D2576455
 |   |   |- Guid:C7CA3945479D9F33F75220B45743A7E7 BaseClass:/Game/Our_Content/BlueprintAndCpp/BP_Teacher.BP_Teacher_C NativeClass:/Script/Engine.Character Name:BP_Teacher_C_UAID_94DE808A617E81E501_1270130687 Label:BP_Teacher SpatiallyLoaded:1 Bounds:IsValid=true, Min=(X=1166.000 Y=769.000 Z=11.000), Max=(X=1234.000 Y=837.000 Z=187.000) RuntimeGrid:None EditorOnly:0 RuntimeOnly:0 HLODRelevant:0
 |   |   |- Guid:D24D61B944EF71BE7BC469B7EB239299 BaseClass: NativeClass:/Script/Engine.ExponentialHeightFog Name:ExponentialHeightFog_1 Label:ExponentialHeightFog SpatiallyLoaded:0 Bounds:IsValid=true, Min=(X=-5600.000 Y=-50.000 Z=-6850.000), Max=(X=-5600.000 Y=-50.000 Z=-6850.000) RuntimeGrid:None EditorOnly:0 RuntimeOnly:0 HLODRelevant:0 FolderPath:Lighting FolderGuid:4C9334684BA61B42C769F799D2576455
 |   |   |- Guid:EB6C11474805DB2C8FFEAD9BDF972B8A BaseClass: NativeClass:/Script/Engine.CameraActor Name:CameraActor_UAID_94DE808A617E8EE501_2029563976 Label:CameraActor2 SpatiallyLoaded:1 Bounds:IsValid=true, Min=(X=-123.000 Y=6107.000 Z=541.000), Max=(X=-123.000 Y=6107.000 Z=541.000) RuntimeGrid:None EditorOnly:0 RuntimeOnly:0 HLODRelevant:0
 |   |   |- Guid:ED5FEEA1480F7AD659B5619B9F5B2D72 BaseClass: NativeClass:/Script/Engine.StaticMeshActor Name:StaticMeshActor_UAID_94DE808A617E8EE501_1994567975 Label:Cube2 SpatiallyLoaded:1 Bounds:IsValid=true, Min=(X=-50.000 Y=4950.000 Z=-39.000), Max=(X=1250.000 Y=5850.000 Z=11.000) RuntimeGrid:None EditorOnly:0 RuntimeOnly:0 HLODRelevant:1
 |   |   |- Guid:F33CC5014C49925B3A9D52A063AF483F BaseClass: NativeClass:/Script/Engine.PlayerStart Name:PlayerStart_0 Label:PlayerStart SpatiallyLoaded:0 Bounds:IsValid=true, Min=(X=-40.000 Y=-40.000 Z=110.013), Max=(X=40.000 Y=40.000 Z=294.013) RuntimeGrid:None EditorOnly:0 RuntimeOnly:0 HLODRelevant:0
 |   |- [+] Clusters:
 |   |   |- [+] [  0]
 |   |   |   |- Guid:4B4F77924201C9837EE6529BE07F503C BaseClass:/Game/Our_Content/BlueprintAndCpp/BP_Director.BP_Director_C NativeClass:/Script/Engine.Pawn Name:BP_Director_C_UAID_94DE808A617E2FE501_1176615255 Label:BP_Director SpatiallyLoaded:1 Bounds:IsValid=true, Min=(X=-130.000 Y=-380.000 Z=50.000), Max=(X=-130.000 Y=-380.000 Z=50.000) RuntimeGrid:None EditorOnly:0 RuntimeOnly:0 HLODRelevant:0
 |   |   |- [+] [  1]
 |   |   |   |- Guid:63BC7A1842B8A731E5BB18A98B885060 BaseClass: NativeClass:/Script/Engine.CameraActor Name:CameraActor_UAID_94DE808A617E4EE501_1214336712 Label:CameraActor SpatiallyLoaded:1 Bounds:IsValid=true, Min=(X=-123.000 Y=1107.000 Z=541.000), Max=(X=-123.000 Y=1107.000 Z=541.000) RuntimeGrid:None EditorOnly:0 RuntimeOnly:0 HLODRelevant:0
 |   |   |- [+] [  2]
 |   |   |   |- Guid:0AAF3F0A423130C8343D228126AB1387 BaseClass: NativeClass:/Script/Engine.StaticMeshActor Name:StaticMeshActor_UAID_94DE808A617E42E501_1781728599 Label:Cube SpatiallyLoaded:1 Bounds:IsValid=true, Min=(X=-50.000 Y=-50.000 Z=-39.000), Max=(X=1250.000 Y=850.000 Z=11.000) RuntimeGrid:None EditorOnly:0 RuntimeOnly:0 HLODRelevant:1
 |   |   |- [+] [  3]
 |   |   |   |- Guid:C7CA3945479D9F33F75220B45743A7E7 BaseClass:/Game/Our_Content/BlueprintAndCpp/BP_Teacher.BP_Teacher_C NativeClass:/Script/Engine.Character Name:BP_Teacher_C_UAID_94DE808A617E81E501_1270130687 Label:BP_Teacher SpatiallyLoaded:1 Bounds:IsValid=true, Min=(X=1166.000 Y=769.000 Z=11.000), Max=(X=1234.000 Y=837.000 Z=187.000) RuntimeGrid:None EditorOnly:0 RuntimeOnly:0 HLODRelevant:0
 |   |   |- [+] [  4]
 |   |   |   |- Guid:1FEC8FAC495CEF0CE32492ADCBB96BAE BaseClass: NativeClass:/Script/AIModule.NavLinkProxy Name:NavLinkProxy_3 Label:NavLinkProxy3 SpatiallyLoaded:1 Bounds:IsValid=true, Min=(X=2240.000 Y=1030.000 Z=90.000), Max=(X=2240.000 Y=1030.000 Z=90.000) RuntimeGrid:None EditorOnly:0 RuntimeOnly:0 HLODRelevant:0 FolderPath:Navigation FolderGuid:AE45D61F453CC144CF8289862C276E89
 |   |   |- [+] [  5]
 |   |   |   |- Guid:6252C7D64ACF162A73EE65B11FE214D1 BaseClass: NativeClass:/Script/Engine.SkyAtmosphere Name:SkyAtmosphere_1 Label:SkyAtmosphere SpatiallyLoaded:0 Bounds:IsValid=true, Min=(X=0.000 Y=0.000 Z=1020.000), Max=(X=0.000 Y=0.000 Z=1020.000) RuntimeGrid:None EditorOnly:0 RuntimeOnly:0 HLODRelevant:0 FolderPath:Lighting FolderGuid:4C9334684BA61B42C769F799D2576455
 |   |   |- [+] [  6]
 |   |   |   |- Guid:D24D61B944EF71BE7BC469B7EB239299 BaseClass: NativeClass:/Script/Engine.ExponentialHeightFog Name:ExponentialHeightFog_1 Label:ExponentialHeightFog SpatiallyLoaded:0 Bounds:IsValid=true, Min=(X=-5600.000 Y=-50.000 Z=-6850.000), Max=(X=-5600.000 Y=-50.000 Z=-6850.000) RuntimeGrid:None EditorOnly:0 RuntimeOnly:0 HLODRelevant:0 FolderPath:Lighting FolderGuid:4C9334684BA61B42C769F799D2576455
 |   |   |- [+] [  7]
 |   |   |   |- Guid:77F893B3468595EE782136AD620D7EF4 BaseClass: NativeClass:/Script/Engine.VolumetricCloud Name:VolumetricCloud_0 Label:VolumetricCloud SpatiallyLoaded:0 Bounds:IsValid=true, Min=(X=0.000 Y=0.000 Z=820.000), Max=(X=0.000 Y=0.000 Z=820.000) RuntimeGrid:None EditorOnly:0 RuntimeOnly:0 HLODRelevant:0 FolderPath:Lighting FolderGuid:4C9334684BA61B42C769F799D2576455
 |   |   |- [+] [  8]
 |   |   |   |- Guid:ED5FEEA1480F7AD659B5619B9F5B2D72 BaseClass: NativeClass:/Script/Engine.StaticMeshActor Name:StaticMeshActor_UAID_94DE808A617E8EE501_1994567975 Label:Cube2 SpatiallyLoaded:1 Bounds:IsValid=true, Min=(X=-50.000 Y=4950.000 Z=-39.000), Max=(X=1250.000 Y=5850.000 Z=11.000) RuntimeGrid:None EditorOnly:0 RuntimeOnly:0 HLODRelevant:1
 |   |   |- [+] [  9]
 |   |   |   |- Guid:F33CC5014C49925B3A9D52A063AF483F BaseClass: NativeClass:/Script/Engine.PlayerStart Name:PlayerStart_0 Label:PlayerStart SpatiallyLoaded:0 Bounds:IsValid=true, Min=(X=-40.000 Y=-40.000 Z=110.013), Max=(X=40.000 Y=40.000 Z=294.013) RuntimeGrid:None EditorOnly:0 RuntimeOnly:0 HLODRelevant:0
 |   |   |- [+] [ 10]
 |   |   |   |- Guid:231E3FF44B8CF12A606DD8BEB15748B1 BaseClass:/Game/Our_Content/BlueprintAndCpp/BP_OneSquare.BP_OneSquare_C NativeClass:/Script/Engine.Pawn Name:BP_OneSquare_C_UAID_94DE808A617EB6E401_2131485959 Label:BP_OneSquare SpatiallyLoaded:1 Bounds:IsValid=true, Min=(X=-50.000 Y=-50.000 Z=11.500), Max=(X=50.000 Y=50.000 Z=36.500) RuntimeGrid:None EditorOnly:0 RuntimeOnly:0 HLODRelevant:0
 |   |   |- [+] [ 11]
 |   |   |   |- Guid:EB6C11474805DB2C8FFEAD9BDF972B8A BaseClass: NativeClass:/Script/Engine.CameraActor Name:CameraActor_UAID_94DE808A617E8EE501_2029563976 Label:CameraActor2 SpatiallyLoaded:1 Bounds:IsValid=true, Min=(X=-123.000 Y=6107.000 Z=541.000), Max=(X=-123.000 Y=6107.000 Z=541.000) RuntimeGrid:None EditorOnly:0 RuntimeOnly:0 HLODRelevant:0
 |   |   |- [+] [ 12]
 |   |   |   |- Guid:A9F87EAC43513D2B9F17EE92D539511F BaseClass: NativeClass:/Script/NavigationSystem.NavMeshBoundsVolume Name:NavMeshBoundsVolume_UAID_94DE808A617E46E501_1140219305 Label:NavMeshBoundsVolume2 SpatiallyLoaded:0 Bounds:IsValid=true, Min=(X=-620.000 Y=-960.000 Z=-90.000), Max=(X=1780.000 Y=1440.000 Z=110.000) RuntimeGrid:None EditorOnly:0 RuntimeOnly:0 HLODRelevant:0
 |   |   |- [+] [ 13]
 |   |   |   |- Guid:AECEEEE741E6DE68F6843FA49564A956 BaseClass: NativeClass:/Script/Engine.DirectionalLight Name:DirectionalLight_1 Label:DirectionalLight SpatiallyLoaded:0 Bounds:IsValid=true, Min=(X=-1048576.000 Y=-1048576.000 Z=-1048576.000), Max=(X=1048576.000 Y=1048576.000 Z=1048576.000) RuntimeGrid:None EditorOnly:0 RuntimeOnly:0 HLODRelevant:0 FolderPath:Lighting FolderGuid:4C9334684BA61B42C769F799D2576455
 |   |   |- [+] [ 14]
 |   |   |   |- Guid:2DF0D95440BE0EDA81652F860DC7268E BaseClass: NativeClass:/Script/Engine.WorldDataLayers Name:WorldDataLayers Label:WorldDataLayers SpatiallyLoaded:0 Bounds:IsValid=true, Min=(X=0.000 Y=0.000 Z=0.000), Max=(X=0.000 Y=0.000 Z=0.000) RuntimeGrid:None EditorOnly:0 RuntimeOnly:0 HLODRelevant:0
 |   |   |- [+] [ 15]
 |   |   |   |- Guid:87C0EF0A4D6A91DB405D649D48B46B75 BaseClass: NativeClass:/Script/Engine.StaticMeshActor Name:StaticMeshActor_UAID_94DE808A617E8EE501_2077962977 Label:Cube3 SpatiallyLoaded:1 Bounds:IsValid=true, Min=(X=-50.000 Y=-5050.000 Z=-39.000), Max=(X=1250.000 Y=-4150.000 Z=11.000) RuntimeGrid:None EditorOnly:0 RuntimeOnly:0 HLODRelevant:1
 |   |   |- [+] [ 16]
 |   |   |   |- Guid:76C2E3B640C5DB4EAABEBB8331E08A29 BaseClass: NativeClass:/Script/Engine.CameraActor Name:CameraActor_UAID_94DE808A617E8EE501_2086530978 Label:CameraActor3 SpatiallyLoaded:1 Bounds:IsValid=true, Min=(X=-123.000 Y=-3893.000 Z=541.000), Max=(X=-123.000 Y=-3893.000 Z=541.000) RuntimeGrid:None EditorOnly:0 RuntimeOnly:0 HLODRelevant:0
 |   |   |- [+] [ 17]
 |   |   |   |- Guid:1742DF43475F097453197AA79C7473D9 BaseClass: NativeClass:/Script/Engine.SkyLight Name:SkyLight_1 Label:SkyLight SpatiallyLoaded:0 Bounds:IsValid=true, Min=(X=0.000 Y=0.000 Z=690.000), Max=(X=0.000 Y=0.000 Z=690.000) RuntimeGrid:None EditorOnly:0 RuntimeOnly:0 HLODRelevant:0 FolderPath:Lighting FolderGuid:4C9334684BA61B42C769F799D2576455
 |- ContainerInstances:
 |- [+] MainContainer:
 |   |-        ID: 0x0000000000000000
 |   |-    Bounds: IsValid=false, Min=(X=0.000 Y=0.000 Z=0.000), Max=(X=0.000 Y=0.000 Z=0.000)
 |   |- Transform: 0.000000,0.000000,0.000000|0.000000,0.000000,-0.000000|1.000000,1.000000,1.000000
 |   |- Container: /Game/TopDown/Maps/TopDownMap
----------------------------------------------------------------------------------------------------------------
TopDownMap - Persistent Level
----------------------------------------------------------------------------------------------------------------
Always loaded Actor Count: 52 

----------------------------------------------------------------------------------------------------------------
TopDownMap - Runtime Spatial Hash - Streaming Grid - MainGrid
----------------------------------------------------------------------------------------------------------------
            Origin: X=0.000 Y=0.000 Z=0.000
         Cell Size: 12800
      World Bounds: IsValid=false, Min=(X=0.000 Y=0.000 Z=0.000), Max=(X=0.000 Y=0.000 Z=0.000)
     Loading Range: 25600.00
Block Slow Loading: No
 ClientOnlyVisible: No

[+] Grid Levels: 1
 |- Level  0: Cell Count    0 | Cell Size   12800 | Actor Count    0 (0.0%)

[+] Content of Grid Level 0

